Hello Albert

An item successfully added: 133718101 Kevin Wang FULLERA21

An item successfully added: 133916202 Michael Jordan playinggolf

An item successfully added: 188916433 BOB Kinicki FL135

An item successfully added: 037889554 Gabor Sarkozy FL134

133916202 Michael Jordan playinggolf

188916433 BOB Kinicki FL135

037889554 Gabor Sarkozy FL134

133718101 Kevin Wang FULLERA21

An item successfully deleted: Kevin Wang
Item not found
An item successfully added: 000000001 Mark Claypool on-the-pitch_playing-soccer

An item successfully added: 666666666 Robinson Crusoe lostonanisland

id_number should be a 9-digit identification number
Item not found
000000001 Mark Claypool on-the-pitch_playing-soccer

666666666 Robinson Crusoe lostonanisland

133916202 Michael Jordan playinggolf

188916433 BOB Kinicki FL135

037889554 Gabor Sarkozy FL134

000000001 Mark Claypool on-the-pitch_playing-soccer

666666666 Robinson Crusoe lostonanisland

188916433 BOB Kinicki FL135

There are no entries satisfying the list request.
User quit, and the number of commands the user issued is: 16
Hello Bill

id_number should be a 9-digit identification number
id_number should be a 9-digit identification number
An item successfully added: 138719455 Emmanuel Agu FL139

Missing parameters
An item successfully added: 137634626 Joseph Beck FL138

An item successfully added: 123456789 Ya B b

An item successfully added: 999999999 Tom Brady NOTintheSuperBowlin2013

An item successfully added: 999999998 Baltimore Ravens intheSuperBowl

first_name should be a non-blank ASCII string with maximum length of 15 characters
last_name should be a non-blank ASCII string with maximum length of 20 characters
123456789 Ya B b

137634626 Joseph Beck FL138

999999999 Tom Brady NOTintheSuperBowlin2013

133916202 Michael Jordan playinggolf

188916433 BOB Kinicki FL135

999999998 Baltimore Ravens intheSuperBowl

037889554 Gabor Sarkozy FL134

An item successfully added: 133865307 Jerry Breecher 4KingStreet_Worcester

An item successfully added: 4897_5118 Tony Smith worcester_MA

An item successfully added: 489735118 Tony Smith worcester
Location should be a non-blank character string (35 character max) indicating the person's current 
location.
An item successfully added: 589735118 Tony Smith WORCESTER_MA

An item successfully added: 424242424 Xi Ding Shanghai

138719455 Emmanuel Agu FL139

123456789 Ya B b

137634626 Joseph Beck FL138

999999999 Tom Brady NOTintheSuperBowlin2013

133865307 Jerry Breecher 4KingStreet_Worcester

000000001 Mark Claypool on-the-pitch_playing-soccer

666666666 Robinson Crusoe lostonanisland

424242424 Xi Ding Shanghai

133916202 Michael Jordan playinggolf

188916433 BOB Kinicki FL135

999999998 Baltimore Ravens intheSuperBowl

037889554 Gabor Sarkozy FL134

4897_5118 Tony Smith worcester_MA

489735118 Tony Smith worcester
589735118 Tony Smith WORCESTER_MA

138719455 Emmanuel Agu FL139

123456789 Ya B b

137634626 Joseph Beck FL138

999999999 Tom Brady NOTintheSuperBowlin2013

133865307 Jerry Breecher 4KingStreet_Worcester

000000001 Mark Claypool on-the-pitch_playing-soccer

666666666 Robinson Crusoe lostonanisland

424242424 Xi Ding Shanghai

133916202 Michael Jordan playinggolf

188916433 BOB Kinicki FL135

999999998 Baltimore Ravens intheSuperBowl

037889554 Gabor Sarkozy FL134

4897_5118 Tony Smith worcester_MA

489735118 Tony Smith worcester
589735118 Tony Smith WORCESTER_MA

There are no entries satisfying the list request.

Input parameters are wrong
123456789 Ya B b

137634626 Joseph Beck FL138

999999999 Tom Brady NOTintheSuperBowlin2013

133865307 Jerry Breecher 4KingStreet_Worcester

000000001 Mark Claypool on-the-pitch_playing-soccer

666666666 Robinson Crusoe lostonanisland

188916433 BOB Kinicki FL135

188916433 BOB Kinicki FL135

424242424 Xi Ding Shanghai

User quit, and the number of commands the user issued is: 27
Hello Tony

Identical id_number!
Identical id_number!
An item successfully added: 133718101 Kevin Cao FULLERA21

An item successfully added: 137889554 Can Tatar FLA21

Identical id_number!
Identical id_number!
138719455 Emmanuel Agu FL139

123456789 Ya B b

137634626 Joseph Beck FL138

999999999 Tom Brady NOTintheSuperBowlin2013

133865307 Jerry Breecher 4KingStreet_Worcester

133718101 Kevin Cao FULLERA21

000000001 Mark Claypool on-the-pitch_playing-soccer

666666666 Robinson Crusoe lostonanisland

424242424 Xi Ding Shanghai

133916202 Michael Jordan playinggolf

188916433 BOB Kinicki FL135

999999998 Baltimore Ravens intheSuperBowl

037889554 Gabor Sarkozy FL134

4897_5118 Tony Smith worcester_MA

489735118 Tony Smith worcester
589735118 Tony Smith WORCESTER_MA

137889554 Can Tatar FLA21

An item successfully deleted: Tom Brady
Item not found
123456789 Ya B b

999999999 Tom Brady NOTintheSuperBowlin2013

133865307 Jerry Breecher 4KingStreet_Worcester

An item successfully added: 137634626 Joseph Beck FLxxx

There are no entries satisfying the list request.
User quit, and the number of commands the user issued is: 13
Hello stantheman

User quit, and the number of commands the user issued is: 1
Hello bubba

An item successfully added: 111111222 Al Al atthemall

An item successfully added: 503503509 Dan Dougherty FL136

An item successfully added: 503503509 Dan DD FL136

An item successfully added: 777777777 stan selkow bangkok_Thailand

An item successfully added: 503503510 Charles Rich B25b

Identical id_number!
Input parameters are wrong
503503509 Dan DD FL136

424242424 Xi Ding Shanghai

503503509 Dan Dougherty FL136

133916202 Michael Jordan playinggolf

188916433 BOB Kinicki FL135

999999998 Baltimore Ravens intheSuperBowl

503503510 Charles Rich B25b

037889554 Gabor Sarkozy FL134

777777777 stan selkow bangkok_Thailand

4897_5118 Tony Smith worcester_MA

489735118 Tony Smith worcester
589735118 Tony Smith WORCESTER_MA

An item successfully deleted: Robinson Crusoe
138719455 Emmanuel Agu FL139

111111222 Al Al atthemall

123456789 Ya B b

137634626 Joseph Beck FLxxx

999999999 Tom Brady NOTintheSuperBowlin2013

133865307 Jerry Breecher 4KingStreet_Worcester

133718101 Kevin Cao FULLERA21

666666666 Robinson Crusoe lostonanisland

503503509 Dan DD FL136

424242424 Xi Ding Shanghai

503503509 Dan Dougherty FL136

133916202 Michael Jordan playinggolf

188916433 BOB Kinicki FL135

999999998 Baltimore Ravens intheSuperBowl

503503510 Charles Rich B25b

037889554 Gabor Sarkozy FL134

777777777 stan selkow bangkok_Thailand

4897_5118 Tony Smith worcester_MA

489735118 Tony Smith worcester
589735118 Tony Smith WORCESTER_MA

137889554 Can Tatar FLA21

An item successfully added: 503503511 Charles Rich B25b

An item successfully added: 503503512 Charles Rich B25b

An item successfully added: 503503513 Charles Rich B25b

An item successfully added: 503503514 Charles Rich B25b

An item successfully added: 503503515 Charles Rich B25b

An item successfully added: 503503516 Charles Rich B25b

An item successfully added: 503503517 Charles Rich B25b

An item successfully added: 503503518 Charles Rich B25b

An item successfully added: 503503519 Charles Rich B25b

An item successfully added: 503503520 Charles Rich B25b

An item successfully added: 503503521 Charles Rich B25b

An item successfully added: 503503522 Charles Rich B25b

An item successfully added: 000000002 Mark Claypool B25a

An item successfully added: 503503523 Charles Rich B25b

An item successfully added: 503503524 Charles Rich B25b

An item successfully added: 503503525 Charles Rich B25b

An item successfully added: 503503526 Charles Rich B25b

An item successfully added: 503503527 Charles Rich B25b

An item successfully added: 503503528 Charles Rich B25b

An item successfully added: 503503529 Charles Rich B25b

An item successfully added: 503503530 Charles Rich B25b

An item successfully added: 503503531 Charles Rich B25b

An item successfully added: 503503532 Charles Rich B25b

An item successfully added: 503503533 Charles Rich B25b

An item successfully added: 503503534 Charles Rich B25b

An item successfully added: 503503535 Charles Rich B25b

An item successfully added: 503503536 Charles Rich B25b

An item successfully added: 503503537 Charles Rich B25b

An item successfully added: 503503538 Charles Rich B25b

An item successfully added: 503503539 Charles Rich B25b

An item successfully added: 503503540 Charles Rich B25b

An item successfully added: 503503541 Charles Rich B25b

An item successfully added: 503503542 Charles Rich B25b

An item successfully added: 503503543 Charles Rich B25b

An item successfully added: 503503544 Charles Rich B25b

An item successfully added: 503503545 Charles Rich B25b

An item successfully added: 503503546 Charles Rich B25b

An item successfully added: 503503547 Charles Rich B25b

An item successfully added: 503503548 Charles Rich B25b

An item successfully added: 503503549 Charles Rich B25b

An item successfully added: 503503550 Charles Rich B25b

An item successfully added: 503503551 Charles Rich B25b

An item successfully added: 503503552 Charles Rich B25b

An item successfully added: 503503553 Charles Rich B25b

An item successfully added: 503503554 Charles Rich B25b

An item successfully added: 503503555 Charles Rich B25b

An item successfully added: 503503556 Charles Rich B25b

An item successfully added: 503503557 Charles Rich B25b

An item successfully added: 503503558 Charles Rich B25b

An item successfully added: 503503559 Charles Rich B25b

An item successfully added: 503503560 Charles Rich B25b

An item successfully added: 503503561 Charles Rich B25b

An item successfully added: 503503562 Charles Rich B25b

An item successfully added: 503503563 Charles Rich B25b

An item successfully added: 503503564 Charles Rich B25b

An item successfully added: 503503565 Charles Rich B25b

An item successfully added: 503503566 Charles Rich B25b

An item successfully added: 503503567 Charles Rich B25b

An item successfully added: 503503568 Charles Rich B25b

An item successfully added: 503503569 Charles Rich B25b

An item successfully added: 503503570 Charles Rich B25b

An item successfully added: 503503571 Charles Rich B25b

An item successfully added: 503503572 Charles Rich B25b

An item successfully added: 503503573 Charles Rich B25b

An item successfully added: 503503574 Charles Rich B25b

An item successfully added: 503503575 Charles Rich B25b

An item successfully added: 503503576 Charles Rich B25b

An item successfully added: 503503577 Charles Rich B25b

An item successfully added: 503503578 Charles Rich B25b

An item successfully added: 503503579 Charles Rich B25b

123456789 Ya B b

137634626 Joseph Beck FLxxx

999999999 Tom Brady NOTintheSuperBowlin2013

133865307 Jerry Breecher 4KingStreet_Worcester

133718101 Kevin Cao FULLERA21

000000002 Mark Claypool B25a

666666666 Robinson Crusoe lostonanisland

999999998 Baltimore Ravens intheSuperBowl

503503510 Charles Rich B25b

503503511 Charles Rich B25b

503503512 Charles Rich B25b

503503513 Charles Rich B25b

503503514 Charles Rich B25b

503503515 Charles Rich B25b

503503516 Charles Rich B25b

503503517 Charles Rich B25b

503503518 Charles Rich B25b

503503519 Charles Rich B25b

503503520 Charles Rich B25b

503503521 Charles Rich B25b

503503522 Charles Rich B25b

503503523 Charles Rich B25b

503503524 Charles Rich B25b

503503525 Charles Rich B25b

503503526 Charles Rich B25b

503503527 Charles Rich B25b

503503528 Charles Rich B25b

503503529 Charles Rich B25b

503503530 Charles Rich B25b

503503531 Charles Rich B25b

503503532 Charles Rich B25b

503503533 Charles Rich B25b

503503534 Charles Rich B25b

503503535 Charles Rich B25b

503503536 Charles Rich B25b

503503537 Charles Rich B25b

503503538 Charles Rich B25b

503503539 Charles Rich B25b

503503540 Charles Rich B25b

503503541 Charles Rich B25b

503503542 Charles Rich B25b

503503543 Charles Rich B25b

503503544 Charles Rich B25b

503503545 Charles Rich B25b

503503546 Charles Rich B25b

503503547 Charles Rich B25b

503503548 Charles Rich B25b

503503549 Charles Rich B25b

503503550 Charles Rich B25b

503503551 Charles Rich B25b

503503552 Charles Rich B25b

503503553 Charles Rich B25b

503503554 Charles Rich B25b

503503555 Charles Rich B25b

503503556 Charles Rich B25b

503503557 Charles Rich B25b

503503558 Charles Rich B25b

503503559 Charles Rich B25b

503503560 Charles Rich B25b

503503561 Charles Rich B25b

503503562 Charles Rich B25b

503503563 Charles Rich B25b

503503564 Charles Rich B25b

503503565 Charles Rich B25b

503503566 Charles Rich B25b

503503567 Charles Rich B25b

503503568 Charles Rich B25b

503503569 Charles Rich B25b

503503570 Charles Rich B25b

503503571 Charles Rich B25b

503503572 Charles Rich B25b

503503573 Charles Rich B25b

503503574 Charles Rich B25b

503503575 Charles Rich B25b

503503576 Charles Rich B25b

503503577 Charles Rich B25b

503503578 Charles Rich B25b

503503579 Charles Rich B25b

An item successfully deleted: Charles Rich
An item successfully deleted: Jerry Breecher
138719455 Emmanuel Agu FL139

111111222 Al Al atthemall

123456789 Ya B b

137634626 Joseph Beck FLxxx

133865307 Jerry Breecher 4KingStreet_Worcester

133718101 Kevin Cao FULLERA21

000000002 Mark Claypool B25a

666666666 Robinson Crusoe lostonanisland

503503509 Dan DD FL136

424242424 Xi Ding Shanghai

503503509 Dan Dougherty FL136

133916202 Michael Jordan playinggolf

188916433 BOB Kinicki FL135

999999998 Baltimore Ravens intheSuperBowl

503503510 Charles Rich B25b

503503511 Charles Rich B25b

503503512 Charles Rich B25b

503503513 Charles Rich B25b

503503514 Charles Rich B25b

503503515 Charles Rich B25b

503503516 Charles Rich B25b

503503517 Charles Rich B25b

503503518 Charles Rich B25b

503503519 Charles Rich B25b

503503520 Charles Rich B25b

503503521 Charles Rich B25b

503503522 Charles Rich B25b

503503523 Charles Rich B25b

503503524 Charles Rich B25b

503503525 Charles Rich B25b

503503526 Charles Rich B25b

503503527 Charles Rich B25b

503503528 Charles Rich B25b

503503529 Charles Rich B25b

503503530 Charles Rich B25b

503503531 Charles Rich B25b

503503532 Charles Rich B25b

503503533 Charles Rich B25b

503503534 Charles Rich B25b

503503535 Charles Rich B25b

503503536 Charles Rich B25b

503503537 Charles Rich B25b

503503538 Charles Rich B25b

503503539 Charles Rich B25b

503503540 Charles Rich B25b

503503541 Charles Rich B25b

503503542 Charles Rich B25b

503503543 Charles Rich B25b

503503544 Charles Rich B25b

503503545 Charles Rich B25b

503503546 Charles Rich B25b

503503547 Charles Rich B25b

503503548 Charles Rich B25b

503503549 Charles Rich B25b

503503550 Charles Rich B25b

503503551 Charles Rich B25b

503503552 Charles Rich B25b

503503553 Charles Rich B25b

503503554 Charles Rich B25b

503503555 Charles Rich B25b

503503556 Charles Rich B25b

503503557 Charles Rich B25b

503503559 Charles Rich B25b

503503560 Charles Rich B25b

503503561 Charles Rich B25b

503503562 Charles Rich B25b

503503563 Charles Rich B25b

503503564 Charles Rich B25b

503503565 Charles Rich B25b

503503566 Charles Rich B25b

503503567 Charles Rich B25b

503503568 Charles Rich B25b

503503569 Charles Rich B25b

503503570 Charles Rich B25b

503503571 Charles Rich B25b

503503572 Charles Rich B25b

503503573 Charles Rich B25b

503503574 Charles Rich B25b

503503575 Charles Rich B25b

503503576 Charles Rich B25b

503503577 Charles Rich B25b

503503578 Charles Rich B25b

503503579 Charles Rich B25b

037889554 Gabor Sarkozy FL134

777777777 stan selkow bangkok_Thailand

4897_5118 Tony Smith worcester_MA

489735118 Tony Smith worcester
589735118 Tony Smith WORCESTER_MA

137889554 Can Tatar FLA21

The number of clients processed is: 5. Server is closed
EOF